<?xml version="1.0" encoding="UTF-8"?>
<!-- Generated by org.testng.reporters.JUnitReportReporter -->
<testsuite skipped="0" hostname="Nagarjuna-Y" name="com.test.automation.SeleniumMethods.VerifyDragDrop" tests="1" failures="0" timestamp="18 Oct 2019 10:30:22 GMT" time="24.752" errors="0">
  <testcase name="Verify_dragdrop" time="24.752" classname="com.test.automation.SeleniumMethods.VerifyDragDrop"/>
</testsuite> <!-- com.test.automation.SeleniumMethods.VerifyDragDrop -->
