<?xml version="1.0" encoding="UTF-8"?>
<!-- Generated by org.testng.reporters.JUnitReportReporter -->
<testsuite skipped="0" hostname="Nagarjuna-Y" name="com.test.automation.SeleniumMethods.Color_CodeVerfy" tests="1" failures="0" timestamp="18 Oct 2019 05:23:36 GMT" time="33.150" errors="0">
  <testcase name="VerifySikuli" time="33.150" classname="com.test.automation.SeleniumMethods.Color_CodeVerfy"/>
</testsuite> <!-- com.test.automation.SeleniumMethods.Color_CodeVerfy -->
